[0927/222624.155:ERROR:scoped_process_suspend.cc(31)] NtSuspendProcess: An attempt was made to access an exiting process. (0xc000010a)
[0927/222626.062:ERROR:process_info.cc(118)] ReadProcessMemory bool __cdecl crashpad::(anonymous namespace)::ReadStruct(HANDLE, crashpad::WinVMAddress, T *) [T = crashpad::process_types::PEB<crashpad::process_types::internal::Traits64>]: Only part of a ReadProcessMemory or WriteProcessMemory request was completed. (0x12B)
[0927/222626.062:ERROR:process_info.cc(545)] ReadProcessData failed
[0927/222626.140:ERROR:process_info.cc(329)] VirtualQueryEx: Access is denied. (0x5)
[0927/222626.140:ERROR:process_info.cc(550)] ReadMemoryInfo failed
[0927/222626.171:ERROR:process_info.cc(329)] VirtualQueryEx: Access is denied. (0x5)
[0927/222626.187:ERROR:process_info.cc(329)] VirtualQueryEx: Access is denied. (0x5)
[0927/222626.812:ERROR:process_info.cc(550)] ReadMemoryInfo failed
[0927/222626.265:ERROR:process_info.cc(329)] VirtualQueryEx: Access is denied. (0x5)
[0927/222626.546:ERROR:process_info.cc(329)] VirtualQueryEx: Access is denied. (0x5)
[0927/222626.655:ERROR:process_reader_win.cc(123)] NtOpenThread: {Access Denied} A process has requested access to an object, but has not been granted those access rights. (0xc0000022)
[0927/222626.812:ERROR:process_info.cc(550)] ReadMemoryInfo failed
[0927/222626.655:ERROR:process_reader_win.cc(123)] NtOpenThread: {Access Denied} A process has requested access to an object, but has not been granted those access rights. (0xc0000022)
[0927/222626.218:ERROR:process_info.cc(329)] VirtualQueryEx: Access is denied. (0x5)
[0927/222626.812:ERROR:process_info.cc(550)] ReadMemoryInfo failed
[0927/222626.812:ERROR:process_info.cc(550)] ReadMemoryInfo failed
[0927/222626.812:ERROR:exception_snapshot_win.cc(88)] thread ID 21400 not found in process
[0927/222626.812:ERROR:exception_snapshot_win.cc(88)] thread ID 16576 not found in process
[0927/222626.812:ERROR:process_reader_win.cc(242)] ReadMemory at 0x7fff238d54d0 of 12 bytes failed: Only part of a ReadProcessMemory or WriteProcessMemory request was completed. (0x12B)
[0927/222626.812:WARNING:process_snapshot_win.cc(69)] ReadMemory ExceptionInformation failed
[0927/222626.812:ERROR:process_info.cc(550)] ReadMemoryInfo failed
[0927/222626.812:ERROR:process_reader_win.cc(242)] ReadMemory at 0x7fff238d54d0 of 12 bytes failed: Only part of a ReadProcessMemory or WriteProcessMemory request was completed. (0x12B)
[0927/222626.812:WARNING:process_snapshot_win.cc(69)] ReadMemory ExceptionInformation failed
[0927/222626.655:ERROR:process_reader_win.cc(123)] NtOpenThread: {Access Denied} A process has requested access to an object, but has not been granted those access rights. (0xc0000022)
[0927/222626.812:ERROR:exception_snapshot_win.cc(88)] thread ID 3668 not found in process
[0927/222626.812:ERROR:process_reader_win.cc(123)] NtOpenThread: {Access Denied} A process has requested access to an object, but has not been granted those access rights. (0xc0000022)
[0927/222626.812:ERROR:process_reader_win.cc(123)] NtOpenThread: {Access Denied} A process has requested access to an object, but has not been granted those access rights. (0xc0000022)
[0927/222626.812:ERROR:process_reader_win.cc(123)] NtOpenThread: {Access Denied} A process has requested access to an object, but has not been granted those access rights. (0xc0000022)
[0927/222626.812:ERROR:exception_snapshot_win.cc(88)] thread ID 560 not found in process
[0927/222626.812:ERROR:exception_snapshot_win.cc(88)] thread ID 13172 not found in process
[0927/222626.812:ERROR:exception_snapshot_win.cc(88)] thread ID 19220 not found in process
[0927/222626.952:ERROR:scoped_process_suspend.cc(40)] NtResumeProcess: An attempt was made to access an exiting process. (0xc000010a)
[0927/222626.952:ERROR:scoped_process_suspend.cc(40)] NtResumeProcess: An attempt was made to access an exiting process. (0xc000010a)
[0927/222626.952:ERROR:scoped_process_suspend.cc(40)] NtResumeProcess: An attempt was made to access an exiting process. (0xc000010a)
[0927/222626.952:ERROR:scoped_process_suspend.cc(40)] NtResumeProcess: An attempt was made to access an exiting process. (0xc000010a)
[0927/222626.952:ERROR:scoped_process_suspend.cc(40)] NtResumeProcess: An attempt was made to access an exiting process. (0xc000010a)
[0927/222626.952:ERROR:scoped_process_suspend.cc(40)] NtResumeProcess: An attempt was made to access an exiting process. (0xc000010a)
[0927/222626.952:ERROR:scoped_process_suspend.cc(40)] NtResumeProcess: An attempt was made to access an exiting process. (0xc000010a)
